<?xml version="1.0" encoding="UTF-8"?>
<testsuite xmlns:xsi="http://www.w3.org/2001/XMLSchema-instance" xsi:noNamespaceSchemaLocation="https://maven.apache.org/surefire/maven-surefire-plugin/xsd/surefire-test-report-3.0.xsd" version="3.0" name="com.example.project1.service.OrderServiceTest" time="0.12" tests="4" errors="0" skipped="0" failures="1">
  <properties>
[...]
</properties>
  <testcase name="testUpdateOrderStatus" classname="com.example.project1.service.OrderServiceTest" time="0.034">
    <system-out><![CDATA[2023-08-22T11:49:50.319+03:00  INFO 51305 --- [           main] t.c.s.AnnotationConfigContextLoaderUtils : Could not detect default configuration classes for test class [com.example.project1.service.OrderServiceTest]: OrderServiceTest does not declare any static, non-private, non-final, nested classes annotated with @Configuration.
2023-08-22T11:49:50.332+03:00  INFO 51305 --- [           main] .b.t.c.SpringBootTestContextBootstrapper : Found @SpringBootConfiguration com.example.project1.Project1Application for test class com.example.project1.service.OrderServiceTest
Hibernate: 
    insert 
    into
        
    order (amount,created_at,last_updated_at,status,user_id,id) 
values
    (?,?,?,?,?,?)
5
CREATED
Hibernate: 
    select
        o1_0.id,
        o1_0.amount,
        o1_0.created_at,
        o1_0.last_updated_at,
        o1_0.status,
        o1_0.user_id 
    from
        
    order o1_0 where
        o1_0.id=?
Hibernate: 
    select
        o1_0.id,
        o1_0.amount,
        o1_0.created_at,
        o1_0.last_updated_at,
        o1_0.status,
        o1_0.user_id 
    from
        
    order o1_0 where
        o1_0.id=?
Hibernate: 
    update
        
    order set
        amount=?,
        created_at=?,
        last_updated_at=?,
        status=?,
        user_id=? 
    where
        id=?
2023-08-22T11:49:50.367+03:00  INFO 51305 --- [ntainer#0-0-C-1] org.apache.kafka.clients.NetworkClient   : [Consumer clientId=consumer-groupId-3, groupId=groupId] Node -1 disconnected.
2023-08-22T11:49:50.368+03:00  WARN 51305 --- [ntainer#0-0-C-1] org.apache.kafka.clients.NetworkClient   : [Consumer clientId=consumer-groupId-3, groupId=groupId] Connection to node -1 (localhost/127.0.0.1:9092) could not be established. Broker may not be available.
2023-08-22T11:49:50.368+03:00  WARN 51305 --- [ntainer#0-0-C-1] org.apache.kafka.clients.NetworkClient   : [Consumer clientId=consumer-groupId-3, groupId=groupId] Bootstrap broker localhost:9092 (id: -1 rack: null) disconnected
5
IN_DELIVERY
]]></system-out>
  </testcase>
  <testcase name="testFindAllOrder" classname="com.example.project1.service.OrderServiceTest" time="0.019">
    <failure message="&#10;Expected size: 2 but was: 6 in:&#10;[com.example.project1.entity.Order@40699137,&#10;    com.example.project1.entity.Order@7d33e32b,&#10;    com.example.project1.entity.Order@47ce44ab,&#10;    com.example.project1.entity.Order@48f27e0b,&#10;    com.example.project1.entity.Order@441eae0b,&#10;    com.example.project1.entity.Order@26562718]" type="java.lang.AssertionError"><![CDATA[java.lang.AssertionError: 

Expected size: 2 but was: 6 in:
[com.example.project1.entity.Order@40699137,
    com.example.project1.entity.Order@7d33e32b,
    com.example.project1.entity.Order@47ce44ab,
    com.example.project1.entity.Order@48f27e0b,
    com.example.project1.entity.Order@441eae0b,
    com.example.project1.entity.Order@26562718]
	at com.example.project1.service.OrderServiceTest.testFindAllOrder(OrderServiceTest.java:90)
	at java.base/jdk.internal.reflect.DirectMethodHandleAccessor.invoke(DirectMethodHandleAccessor.java:104)
	at java.base/java.lang.reflect.Method.invoke(Method.java:578)
	at org.junit.platform.commons.util.ReflectionUtils.invokeMethod(ReflectionUtils.java:727)
	at org.junit.jupiter.engine.execution.MethodInvocation.proceed(MethodInvocation.java:60)
	at org.junit.jupiter.engine.execution.InvocationInterceptorChain$ValidatingInvocation.proceed(InvocationInterceptorChain.java:131)
	at org.junit.jupiter.engine.extension.TimeoutExtension.intercept(TimeoutExtension.java:156)
	at org.junit.jupiter.engine.extension.TimeoutExtension.interceptTestableMethod(TimeoutExtension.java:147)
	at org.junit.jupiter.engine.extension.TimeoutExtension.interceptTestMethod(TimeoutExtension.java:86)
	at org.junit.jupiter.engine.execution.InterceptingExecutableInvoker$ReflectiveInterceptorCall.lambda$ofVoidMethod$0(InterceptingExecutableInvoker.java:103)
	at org.junit.jupiter.engine.execution.InterceptingExecutableInvoker.lambda$invoke$0(InterceptingExecutableInvoker.java:93)
	at org.junit.jupiter.engine.execution.InvocationInterceptorChain$InterceptedInvocation.proceed(InvocationInterceptorChain.java:106)
	at org.junit.jupiter.engine.execution.InvocationInterceptorChain.proceed(InvocationInterceptorChain.java:64)
	at org.junit.jupiter.engine.execution.InvocationInterceptorChain.chainAndInvoke(InvocationInterceptorChain.java:45)
	at org.junit.jupiter.engine.execution.InvocationInterceptorChain.invoke(InvocationInterceptorChain.java:37)
	at org.junit.jupiter.engine.execution.InterceptingExecutableInvoker.invoke(InterceptingExecutableInvoker.java:92)
	at org.junit.jupiter.engine.execution.InterceptingExecutableInvoker.invoke(InterceptingExecutableInvoker.java:86)
	at org.junit.jupiter.engine.descriptor.TestMethodTestDescriptor.lambda$invokeTestMethod$7(TestMethodTestDescriptor.java:217)
	at org.junit.platform.engine.support.hierarchical.ThrowableCollector.execute(ThrowableCollector.java:73)
	at org.junit.jupiter.engine.descriptor.TestMethodTestDescriptor.invokeTestMethod(TestMethodTestDescriptor.java:213)
	at org.junit.jupiter.engine.descriptor.TestMethodTestDescriptor.execute(TestMethodTestDescriptor.java:138)
	at org.junit.jupiter.engine.descriptor.TestMethodTestDescriptor.execute(TestMethodTestDescriptor.java:68)
	at org.junit.platform.engine.support.hierarchical.NodeTestTask.lambda$executeRecursively$6(NodeTestTask.java:151)
	at org.junit.platform.engine.support.hierarchical.ThrowableCollector.execute(ThrowableCollector.java:73)
	at org.junit.platform.engine.support.hierarchical.NodeTestTask.lambda$executeRecursively$8(NodeTestTask.java:141)
	at org.junit.platform.engine.support.hierarchical.Node.around(Node.java:137)
	at org.junit.platform.engine.support.hierarchical.NodeTestTask.lambda$executeRecursively$9(NodeTestTask.java:139)
	at org.junit.platform.engine.support.hierarchical.ThrowableCollector.execute(ThrowableCollector.java:73)
	at org.junit.platform.engine.support.hierarchical.NodeTestTask.executeRecursively(NodeTestTask.java:138)
	at org.junit.platform.engine.support.hierarchical.NodeTestTask.execute(NodeTestTask.java:95)
	at java.base/java.util.ArrayList.forEach(ArrayList.java:1511)
	at org.junit.platform.engine.support.hierarchical.SameThreadHierarchicalTestExecutorService.invokeAll(SameThreadHierarchicalTestExecutorService.java:41)
	at org.junit.platform.engine.support.hierarchical.NodeTestTask.lambda$executeRecursively$6(NodeTestTask.java:155)
	at org.junit.platform.engine.support.hierarchical.ThrowableCollector.execute(ThrowableCollector.java:73)
	at org.junit.platform.engine.support.hierarchical.NodeTestTask.lambda$executeRecursively$8(NodeTestTask.java:141)
	at org.junit.platform.engine.support.hierarchical.Node.around(Node.java:137)
	at org.junit.platform.engine.support.hierarchical.NodeTestTask.lambda$executeRecursively$9(NodeTestTask.java:139)
	at org.junit.platform.engine.support.hierarchical.ThrowableCollector.execute(ThrowableCollector.java:73)
	at org.junit.platform.engine.support.hierarchical.NodeTestTask.executeRecursively(NodeTestTask.java:138)
	at org.junit.platform.engine.support.hierarchical.NodeTestTask.execute(NodeTestTask.java:95)
	at java.base/java.util.ArrayList.forEach(ArrayList.java:1511)
	at org.junit.platform.engine.support.hierarchical.SameThreadHierarchicalTestExecutorService.invokeAll(SameThreadHierarchicalTestExecutorService.java:41)
	at org.junit.platform.engine.support.hierarchical.NodeTestTask.lambda$executeRecursively$6(NodeTestTask.java:155)
	at org.junit.platform.engine.support.hierarchical.ThrowableCollector.execute(ThrowableCollector.java:73)
	at org.junit.platform.engine.support.hierarchical.NodeTestTask.lambda$executeRecursively$8(NodeTestTask.java:141)
	at org.junit.platform.engine.support.hierarchical.Node.around(Node.java:137)
	at org.junit.platform.engine.support.hierarchical.NodeTestTask.lambda$executeRecursively$9(NodeTestTask.java:139)
	at org.junit.platform.engine.support.hierarchical.ThrowableCollector.execute(ThrowableCollector.java:73)
	at org.junit.platform.engine.support.hierarchical.NodeTestTask.executeRecursively(NodeTestTask.java:138)
	at org.junit.platform.engine.support.hierarchical.NodeTestTask.execute(NodeTestTask.java:95)
	at org.junit.platform.engine.support.hierarchical.SameThreadHierarchicalTestExecutorService.submit(SameThreadHierarchicalTestExecutorService.java:35)
	at org.junit.platform.engine.support.hierarchical.HierarchicalTestExecutor.execute(HierarchicalTestExecutor.java:57)
	at org.junit.platform.engine.support.hierarchical.HierarchicalTestEngine.execute(HierarchicalTestEngine.java:54)
	at org.junit.platform.launcher.core.EngineExecutionOrchestrator.execute(EngineExecutionOrchestrator.java:147)
	at org.junit.platform.launcher.core.EngineExecutionOrchestrator.execute(EngineExecutionOrchestrator.java:127)
	at org.junit.platform.launcher.core.EngineExecutionOrchestrator.execute(EngineExecutionOrchestrator.java:90)
	at org.junit.platform.launcher.core.EngineExecutionOrchestrator.lambda$execute$0(EngineExecutionOrchestrator.java:55)
	at org.junit.platform.launcher.core.EngineExecutionOrchestrator.withInterceptedStreams(EngineExecutionOrchestrator.java:102)
	at org.junit.platform.launcher.core.EngineExecutionOrchestrator.execute(EngineExecutionOrchestrator.java:54)
	at org.junit.platform.launcher.core.DefaultLauncher.execute(DefaultLauncher.java:114)
	at org.junit.platform.launcher.core.DefaultLauncher.execute(DefaultLauncher.java:86)
	at org.junit.platform.launcher.core.DefaultLauncherSession$DelegatingLauncher.execute(DefaultLauncherSession.java:86)
	at org.apache.maven.surefire.junitplatform.LazyLauncher.execute(LazyLauncher.java:50)
	at org.apache.maven.surefire.junitplatform.JUnitPlatformProvider.execute(JUnitPlatformProvider.java:184)
	at org.apache.maven.surefire.junitplatform.JUnitPlatformProvider.invokeAllTests(JUnitPlatformProvider.java:148)
	at org.apache.maven.surefire.junitplatform.JUnitPlatformProvider.invoke(JUnitPlatformProvider.java:122)
	at org.apache.maven.surefire.booter.ForkedBooter.runSuitesInProcess(ForkedBooter.java:385)
	at org.apache.maven.surefire.booter.ForkedBooter.execute(ForkedBooter.java:162)
	at org.apache.maven.surefire.booter.ForkedBooter.run(ForkedBooter.java:507)
	at org.apache.maven.surefire.booter.ForkedBooter.main(ForkedBooter.java:495)
]]></failure>
    <system-out><![CDATA[Hibernate: 
    insert 
    into
        
    order (amount,created_at,last_updated_at,status,user_id,id) 
values
    (?,?,?,?,?,?)
Hibernate: 
    insert 
    into
        
    order (amount,created_at,last_updated_at,status,user_id,id) 
values
    (?,?,?,?,?,?)
Hibernate: 
    select
        o1_0.id,
        o1_0.amount,
        o1_0.created_at,
        o1_0.last_updated_at,
        o1_0.status,
        o1_0.user_id 
    from
        
    order o1_0
]]></system-out>
  </testcase>
  <testcase name="testAddOrder" classname="com.example.project1.service.OrderServiceTest" time="0.014">
    <system-out><![CDATA[Hibernate: 
    select
        o1_0.id,
        o1_0.amount,
        o1_0.created_at,
        o1_0.last_updated_at,
        o1_0.status,
        o1_0.user_id 
    from
        
    order o1_0 where
        o1_0.id=?
Hibernate: 
    update
        
    order set
        amount=?,
        created_at=?,
        last_updated_at=?,
        status=?,
        user_id=? 
    where
        id=?
Hibernate: 
    select
        o1_0.id,
        o1_0.amount,
        o1_0.created_at,
        o1_0.last_updated_at,
        o1_0.status,
        o1_0.user_id 
    from
        
    order o1_0 where
        o1_0.id=?
]]></system-out>
  </testcase>
  <testcase name="testFindById" classname="com.example.project1.service.OrderServiceTest" time="0.01">
    <system-out><![CDATA[Hibernate: 
    insert 
    into
        
    order (amount,created_at,last_updated_at,status,user_id,id) 
values
    (?,?,?,?,?,?)
Hibernate: 
    select
        o1_0.id,
        o1_0.amount,
        o1_0.created_at,
        o1_0.last_updated_at,
        o1_0.status,
        o1_0.user_id 
    from
        
    order o1_0 where
        o1_0.id=?
2023-08-22T11:49:50.433+03:00  INFO 51305 --- [ntainer#0-0-C-1] org.apache.kafka.clients.NetworkClient   : [Consumer clientId=consumer-groupId-1, groupId=groupId] Node -1 disconnected.
2023-08-22T11:49:50.433+03:00  WARN 51305 --- [ntainer#0-0-C-1] org.apache.kafka.clients.NetworkClient   : [Consumer clientId=consumer-groupId-1, groupId=groupId] Connection to node -1 (localhost/127.0.0.1:9092) could not be established. Broker may not be available.
2023-08-22T11:49:50.433+03:00  WARN 51305 --- [ntainer#0-0-C-1] org.apache.kafka.clients.NetworkClient   : [Consumer clientId=consumer-groupId-1, groupId=groupId] Bootstrap broker localhost:9092 (id: -1 rack: null) disconnected
]]></system-out>
  </testcase>
</testsuite>