<?xml version="1.0" encoding="UTF-8"?>
<testsuite xmlns:xsi="http://www.w3.org/2001/XMLSchema-instance" xsi:noNamespaceSchemaLocation="https://maven.apache.org/surefire/maven-surefire-plugin/xsd/surefire-test-report-3.0.xsd" version="3.0" name="com.example.project1.repository.OrderRepositoryTest" time="6.65" tests="3" errors="0" skipped="0" failures="0">
  <properties>
[...]
</properties>
  <testcase name="testFindAll" classname="com.example.project1.repository.OrderRepositoryTest" time="1.071">
    <system-out><![CDATA[11:49:40.294 [main] INFO org.springframework.test.context.support.AnnotationConfigContextLoaderUtils -- Could not detect default configuration classes for test class [com.example.project1.repository.OrderRepositoryTest]: OrderRepositoryTest does not declare any static, non-private, non-final, nested classes annotated with @Configuration.
11:49:40.425 [main] INFO org.springframework.boot.test.context.SpringBootTestContextBootstrapper -- Found @SpringBootConfiguration com.example.project1.Project1Application for test class com.example.project1.repository.OrderRepositoryTest

  .   ____          _            __ _ _
 /\\ / ___'_ __ _ _(_)_ __  __ _ \ \ \ \
( ( )\___ | '_ | '_| | '_ \/ _` | \ \ \ \
 \\/  ___)| |_)| | | | | || (_| |  ) ) ) )
  '  |____| .__|_| |_|_| |_\__, | / / / /
 =========|_|==============|___/=/_/_/_/
 :: Spring Boot ::                (v3.1.2)

2023-08-22T11:49:40.866+03:00  INFO 51305 --- [           main] c.e.p.repository.OrderRepositoryTest     : Starting OrderRepositoryTest using Java 20.0.1 with PID 51305 (started by alperkizilhan in /Users/alperkizilhan/Documents/project1)
2023-08-22T11:49:40.867+03:00  INFO 51305 --- [           main] c.e.p.repository.OrderRepositoryTest     : The following 1 profile is active: "test"
2023-08-22T11:49:41.353+03:00  INFO 51305 --- [           main] .s.d.r.c.RepositoryConfigurationDelegate : Bootstrapping Spring Data JPA repositories in DEFAULT mode.
2023-08-22T11:49:41.410+03:00  INFO 51305 --- [           main] .s.d.r.c.RepositoryConfigurationDelegate : Finished Spring Data repository scanning in 49 ms. Found 2 JPA repository interfaces.
2023-08-22T11:49:42.153+03:00  INFO 51305 --- [           main] o.hibernate.jpa.internal.util.LogHelper  : HHH000204: Processing PersistenceUnitInfo [name: default]
2023-08-22T11:49:42.226+03:00  INFO 51305 --- [           main] org.hibernate.Version                    : HHH000412: Hibernate ORM core version 6.2.6.Final
2023-08-22T11:49:42.228+03:00  INFO 51305 --- [           main] org.hibernate.cfg.Environment            : HHH000406: Using bytecode reflection optimizer
2023-08-22T11:49:42.400+03:00  INFO 51305 --- [           main] o.h.b.i.BytecodeProviderInitiator        : HHH000021: Bytecode provider name : bytebuddy
2023-08-22T11:49:42.572+03:00  INFO 51305 --- [           main] o.s.o.j.p.SpringPersistenceUnitInfo      : No LoadTimeWeaver setup: ignoring JPA class transformer
2023-08-22T11:49:42.591+03:00  INFO 51305 --- [           main] com.zaxxer.hikari.HikariDataSource       : HikariPool-1 - Starting...
2023-08-22T11:49:42.841+03:00  INFO 51305 --- [           main] com.zaxxer.hikari.pool.HikariPool        : HikariPool-1 - Added connection conn0: url=jdbc:h2:mem:db user=SA
2023-08-22T11:49:42.842+03:00  INFO 51305 --- [           main] com.zaxxer.hikari.HikariDataSource       : HikariPool-1 - Start completed.
2023-08-22T11:49:43.113+03:00  INFO 51305 --- [           main] o.h.b.i.BytecodeProviderInitiator        : HHH000021: Bytecode provider name : bytebuddy
2023-08-22T11:49:43.788+03:00  INFO 51305 --- [           main] o.h.e.t.j.p.i.JtaPlatformInitiator       : HHH000490: Using JtaPlatform implementation: [org.hibernate.engine.transaction.jta.platform.internal.NoJtaPlatform]
Hibernate: 
    create table order (
        id bigint not null,
        created_at timestamp(6),
        last_updated_at timestamp(6),
        amount float(53),
        status tinyint check (status between 0 and 3),
        user_id bigint not null,
        primary key (id)
    )
Hibernate: 
    create table user (
        id bigint not null,
        created_at timestamp(6),
        last_updated_at timestamp(6),
        email varchar(255),
        user_name varchar(255),
        primary key (id)
    )
Hibernate: 
    create sequence order_seq start with 1 increment by 50
Hibernate: 
    create sequence user_seq start with 1 increment by 50
2023-08-22T11:49:43.827+03:00  INFO 51305 --- [           main] j.LocalContainerEntityManagerFactoryBean : Initialized JPA EntityManagerFactory for persistence unit 'default'
2023-08-22T11:49:44.390+03:00  WARN 51305 --- [           main] JpaBaseConfiguration$JpaWebConfiguration : spring.jpa.open-in-view is enabled by default. Therefore, database queries may be performed during view rendering. Explicitly configure spring.jpa.open-in-view to disable this warning
2023-08-22T11:49:44.765+03:00  INFO 51305 --- [           main] o.s.b.a.h2.H2ConsoleAutoConfiguration    : H2 console available at '/h2-console'. Database available at 'jdbc:h2:mem:db'
2023-08-22T11:49:45.063+03:00  INFO 51305 --- [           main] o.a.k.clients.consumer.ConsumerConfig    : ConsumerConfig values: 
	allow.auto.create.topics = true
	auto.commit.interval.ms = 5000
	auto.include.jmx.reporter = true
	auto.offset.reset = latest
	bootstrap.servers = [localhost:9092]
	check.crcs = true
	client.dns.lookup = use_all_dns_ips
	client.id = consumer-groupId-1
	client.rack = 
	connections.max.idle.ms = 540000
	default.api.timeout.ms = 60000
	enable.auto.commit = false
	exclude.internal.topics = true
	fetch.max.bytes = 52428800
	fetch.max.wait.ms = 500
	fetch.min.bytes = 1
	group.id = groupId
	group.instance.id = null
	heartbeat.interval.ms = 3000
	interceptor.classes = []
	internal.leave.group.on.close = true
	internal.throw.on.fetch.stable.offset.unsupported = false
	isolation.level = read_uncommitted
	key.deserializer = class org.apache.kafka.common.serialization.StringDeserializer
	max.partition.fetch.bytes = 1048576
	max.poll.interval.ms = 300000
	max.poll.records = 500
	metadata.max.age.ms = 300000
	metric.reporters = []
	metrics.num.samples = 2
	metrics.recording.level = INFO
	metrics.sample.window.ms = 30000
	partition.assignment.strategy = [class org.apache.kafka.clients.consumer.RangeAssignor, class org.apache.kafka.clients.consumer.CooperativeStickyAssignor]
	receive.buffer.bytes = 65536
	reconnect.backoff.max.ms = 1000
	reconnect.backoff.ms = 50
	request.timeout.ms = 30000
	retry.backoff.ms = 100
	sasl.client.callback.handler.class = null
	sasl.jaas.config = null
	sasl.kerberos.kinit.cmd = /usr/bin/kinit
	sasl.kerberos.min.time.before.relogin = 60000
	sasl.kerberos.service.name = null
	sasl.kerberos.ticket.renew.jitter = 0.05
	sasl.kerberos.ticket.renew.window.factor = 0.8
	sasl.login.callback.handler.class = null
	sasl.login.class = null
	sasl.login.connect.timeout.ms = null
	sasl.login.read.timeout.ms = null
	sasl.login.refresh.buffer.seconds = 300
	sasl.login.refresh.min.period.seconds = 60
	sasl.login.refresh.window.factor = 0.8
	sasl.login.refresh.window.jitter = 0.05
	sasl.login.retry.backoff.max.ms = 10000
	sasl.login.retry.backoff.ms = 100
	sasl.mechanism = GSSAPI
	sasl.oauthbearer.clock.skew.seconds = 30
	sasl.oauthbearer.expected.audience = null
	sasl.oauthbearer.expected.issuer = null
	sasl.oauthbearer.jwks.endpoint.refresh.ms = 3600000
	sasl.oauthbearer.jwks.endpoint.retry.backoff.max.ms = 10000
	sasl.oauthbearer.jwks.endpoint.retry.backoff.ms = 100
	sasl.oauthbearer.jwks.endpoint.url = null
	sasl.oauthbearer.scope.claim.name = scope
	sasl.oauthbearer.sub.claim.name = sub
	sasl.oauthbearer.token.endpoint.url = null
	security.protocol = PLAINTEXT
	security.providers = null
	send.buffer.bytes = 131072
	session.timeout.ms = 45000
	socket.connection.setup.timeout.max.ms = 30000
	socket.connection.setup.timeout.ms = 10000
	ssl.cipher.suites = null
	ssl.enabled.protocols = [TLSv1.2, TLSv1.3]
	ssl.endpoint.identification.algorithm = https
	ssl.engine.factory.class = null
	ssl.key.password = null
	ssl.keymanager.algorithm = SunX509
	ssl.keystore.certificate.chain = null
	ssl.keystore.key = null
	ssl.keystore.location = null
	ssl.keystore.password = null
	ssl.keystore.type = JKS
	ssl.protocol = TLSv1.3
	ssl.provider = null
	ssl.secure.random.implementation = null
	ssl.trustmanager.algorithm = PKIX
	ssl.truststore.certificates = null
	ssl.truststore.location = null
	ssl.truststore.password = null
	ssl.truststore.type = JKS
	value.deserializer = class org.apache.kafka.common.serialization.StringDeserializer

2023-08-22T11:49:45.357+03:00  INFO 51305 --- [           main] o.a.kafka.common.utils.AppInfoParser     : Kafka version: 3.4.1
2023-08-22T11:49:45.358+03:00  INFO 51305 --- [           main] o.a.kafka.common.utils.AppInfoParser     : Kafka commitId: 8a516edc2755df89
2023-08-22T11:49:45.358+03:00  INFO 51305 --- [           main] o.a.kafka.common.utils.AppInfoParser     : Kafka startTimeMs: 1692694185355
2023-08-22T11:49:45.362+03:00  INFO 51305 --- [           main] o.a.k.clients.consumer.KafkaConsumer     : [Consumer clientId=consumer-groupId-1, groupId=groupId] Subscribed to topic(s): project
2023-08-22T11:49:45.382+03:00  INFO 51305 --- [           main] c.e.p.repository.OrderRepositoryTest     : Started OrderRepositoryTest in 4.769 seconds (process running for 5.904)
2023-08-22T11:49:45.708+03:00  INFO 51305 --- [ntainer#0-0-C-1] org.apache.kafka.clients.NetworkClient   : [Consumer clientId=consumer-groupId-1, groupId=groupId] Node -1 disconnected.
2023-08-22T11:49:45.709+03:00  WARN 51305 --- [ntainer#0-0-C-1] org.apache.kafka.clients.NetworkClient   : [Consumer clientId=consumer-groupId-1, groupId=groupId] Connection to node -1 (localhost/127.0.0.1:9092) could not be established. Broker may not be available.
2023-08-22T11:49:45.710+03:00  WARN 51305 --- [ntainer#0-0-C-1] org.apache.kafka.clients.NetworkClient   : [Consumer clientId=consumer-groupId-1, groupId=groupId] Bootstrap broker localhost:9092 (id: -1 rack: null) disconnected
2023-08-22T11:49:45.809+03:00  INFO 51305 --- [ntainer#0-0-C-1] org.apache.kafka.clients.NetworkClient   : [Consumer clientId=consumer-groupId-1, groupId=groupId] Node -1 disconnected.
2023-08-22T11:49:45.809+03:00  WARN 51305 --- [ntainer#0-0-C-1] org.apache.kafka.clients.NetworkClient   : [Consumer clientId=consumer-groupId-1, groupId=groupId] Connection to node -1 (localhost/127.0.0.1:9092) could not be established. Broker may not be available.
2023-08-22T11:49:45.810+03:00  WARN 51305 --- [ntainer#0-0-C-1] org.apache.kafka.clients.NetworkClient   : [Consumer clientId=consumer-groupId-1, groupId=groupId] Bootstrap broker localhost:9092 (id: -1 rack: null) disconnected
2023-08-22T11:49:45.960+03:00  INFO 51305 --- [ntainer#0-0-C-1] org.apache.kafka.clients.NetworkClient   : [Consumer clientId=consumer-groupId-1, groupId=groupId] Node -1 disconnected.
2023-08-22T11:49:45.961+03:00  WARN 51305 --- [ntainer#0-0-C-1] org.apache.kafka.clients.NetworkClient   : [Consumer clientId=consumer-groupId-1, groupId=groupId] Connection to node -1 (localhost/127.0.0.1:9092) could not be established. Broker may not be available.
2023-08-22T11:49:45.961+03:00  WARN 51305 --- [ntainer#0-0-C-1] org.apache.kafka.clients.NetworkClient   : [Consumer clientId=consumer-groupId-1, groupId=groupId] Bootstrap broker localhost:9092 (id: -1 rack: null) disconnected
Hibernate: 
    select
        next value for order_seq
Hibernate: 
    insert 
    into
        
    order (amount,created_at,last_updated_at,status,user_id,id) 
values
    (?,?,?,?,?,?)
2023-08-22T11:49:46.163+03:00  INFO 51305 --- [ntainer#0-0-C-1] org.apache.kafka.clients.NetworkClient   : [Consumer clientId=consumer-groupId-1, groupId=groupId] Node -1 disconnected.
2023-08-22T11:49:46.163+03:00  WARN 51305 --- [ntainer#0-0-C-1] org.apache.kafka.clients.NetworkClient   : [Consumer clientId=consumer-groupId-1, groupId=groupId] Connection to node -1 (localhost/127.0.0.1:9092) could not be established. Broker may not be available.
2023-08-22T11:49:46.163+03:00  WARN 51305 --- [ntainer#0-0-C-1] org.apache.kafka.clients.NetworkClient   : [Consumer clientId=consumer-groupId-1, groupId=groupId] Bootstrap broker localhost:9092 (id: -1 rack: null) disconnected
Hibernate: 
    select
        next value for order_seq
Hibernate: 
    insert 
    into
        
    order (amount,created_at,last_updated_at,status,user_id,id) 
values
    (?,?,?,?,?,?)
Hibernate: 
    select
        o1_0.id,
        o1_0.amount,
        o1_0.created_at,
        o1_0.last_updated_at,
        o1_0.status,
        o1_0.user_id 
    from
        
    order o1_0
]]></system-out>
  </testcase>
  <testcase name="testFindById" classname="com.example.project1.repository.OrderRepositoryTest" time="0.022">
    <system-out><![CDATA[Hibernate: 
    insert 
    into
        
    order (amount,created_at,last_updated_at,status,user_id,id) 
values
    (?,?,?,?,?,?)
Hibernate: 
    select
        o1_0.id,
        o1_0.amount,
        o1_0.created_at,
        o1_0.last_updated_at,
        o1_0.status,
        o1_0.user_id 
    from
        
    order o1_0 where
        o1_0.id=?
]]></system-out>
  </testcase>
  <testcase name="testDeleteById" classname="com.example.project1.repository.OrderRepositoryTest" time="0.335">
    <system-out><![CDATA[Hibernate: 
    insert 
    into
        
    order (amount,created_at,last_updated_at,status,user_id,id) 
values
    (?,?,?,?,?,?)
Hibernate: 
    select
        o1_0.id,
        o1_0.amount,
        o1_0.created_at,
        o1_0.last_updated_at,
        o1_0.status,
        o1_0.user_id 
    from
        
    order o1_0 where
        o1_0.id=?
Hibernate: 
    select
        o1_0.id,
        o1_0.amount,
        o1_0.created_at,
        o1_0.last_updated_at,
        o1_0.status,
        o1_0.user_id 
    from
        
    order o1_0 where
        o1_0.id=?
Hibernate: 
    delete 
    from
        
    order where
        id=?
2023-08-22T11:49:46.569+03:00  INFO 51305 --- [ntainer#0-0-C-1] org.apache.kafka.clients.NetworkClient   : [Consumer clientId=consumer-groupId-1, groupId=groupId] Node -1 disconnected.
2023-08-22T11:49:46.570+03:00  WARN 51305 --- [ntainer#0-0-C-1] org.apache.kafka.clients.NetworkClient   : [Consumer clientId=consumer-groupId-1, groupId=groupId] Connection to node -1 (localhost/127.0.0.1:9092) could not be established. Broker may not be available.
2023-08-22T11:49:46.570+03:00  WARN 51305 --- [ntainer#0-0-C-1] org.apache.kafka.clients.NetworkClient   : [Consumer clientId=consumer-groupId-1, groupId=groupId] Bootstrap broker localhost:9092 (id: -1 rack: null) disconnected
Hibernate: 
    select
        count(*) 
    from
        
    order o1_0 where
        o1_0.id=?
]]></system-out>
  </testcase>
</testsuite>